<?xml version="1.0" encoding="UTF-8"?>
<!-- Generated by org.testng.reporters.JUnitReportReporter -->
<testsuite hostname="shivanipanzade" failures="0" tests="3" name="Parameter.Depends_on_method" time="0.159" errors="0" timestamp="19 Jun 2024 09:38:22 GMT">
  <testcase classname="Parameter.Depends_on_method" name="SignIn" time="0.009"/>
  <testcase classname="Parameter.Depends_on_method" name="LogOut" time="0.027"/>
  <testcase classname="Parameter.Depends_on_method" name="openBrowser" time="0.123"/>
</testsuite> <!-- Parameter.Depends_on_method -->
