<?xml version="1.0" encoding="UTF-8"?>
<!-- Generated by org.testng.reporters.JUnitReportReporter -->
<testsuite hostname="shivanipanzade" failures="0" tests="4" name="Parameter.Priority" time="0.071" errors="0" timestamp="19 Jun 2024 08:49:09 GMT">
  <testcase classname="Parameter.Priority" name="Akola" time="0.019"/>
  <testcase classname="Parameter.Priority" name="India" time="0.024"/>
  <testcase classname="Parameter.Priority" name="Amravti" time="0.015"/>
  <testcase classname="Parameter.Priority" name="World" time="0.013"/>
</testsuite> <!-- Parameter.Priority -->
