<?xml version="1.0" encoding="UTF-8"?>
<!-- Generated by org.testng.reporters.JUnitReportReporter -->
<testsuite hostname="shivanipanzade" failures="0" tests="2" name="new_pakage.NewTest" time="0.080" errors="0" timestamp="19 Jun 2024 03:02:46 GMT">
  <testcase classname="new_pakage.NewTest" name="a" time="0.039"/>
  <testcase classname="new_pakage.NewTest" name="j" time="0.041"/>
</testsuite> <!-- new_pakage.NewTest -->
