<?xml version="1.0" encoding="UTF-8"?>
<!-- Generated by org.testng.reporters.JUnitReportReporter -->
<testsuite hostname="shivanipanzade" failures="0" tests="1" name="Parameter.Enabled" time="0.044" errors="0" timestamp="19 Jun 2024 09:16:13 GMT">
  <testcase classname="Parameter.Enabled" name="school" time="0.044"/>
</testsuite> <!-- Parameter.Enabled -->
