<?xml version="1.0" encoding="UTF-8"?>
<!-- Generated by org.testng.reporters.JUnitReportReporter -->
<testsuite hostname="shivanipanzade" failures="0" tests="1" name="new_pakage.stay" time="0.027" errors="0" timestamp="19 Jun 2024 03:02:08 GMT">
  <testcase classname="new_pakage.stay" name="f" time="0.027"/>
</testsuite> <!-- new_pakage.stay -->
