<?xml version="1.0" encoding="UTF-8"?>
<!-- Generated by org.testng.reporters.JUnitReportReporter -->
<testsuite hostname="shivanipanzade" failures="0" tests="8" name="Parameter.Invocation_count" time="0.065" errors="0" timestamp="19 Jun 2024 08:50:59 GMT">
  <testcase classname="Parameter.Invocation_count" name="Pakistan" time="0.007"/>
  <testcase classname="Parameter.Invocation_count" name="Pakistan" time="0.005"/>
  <testcase classname="Parameter.Invocation_count" name="America" time="0.008"/>
  <testcase classname="Parameter.Invocation_count" name="World" time="0.007"/>
  <testcase classname="Parameter.Invocation_count" name="China" time="0.003"/>
  <testcase classname="Parameter.Invocation_count" name="America" time="0.010"/>
  <testcase classname="Parameter.Invocation_count" name="America" time="0.021"/>
  <testcase classname="Parameter.Invocation_count" name="India" time="0.004"/>
</testsuite> <!-- Parameter.Invocation_count -->
