<?xml version="1.0" encoding="UTF-8"?>
<!-- Generated by org.testng.reporters.JUnitReportReporter -->
<testsuite hostname="shivanipanzade" failures="0" tests="4" name="Parameter.Groups" time="0.055" errors="0" timestamp="19 Jun 2024 08:48:07 GMT">
  <testcase classname="Parameter.Groups" name="click_search" time="0.021"/>
  <testcase classname="Parameter.Groups" name="search" time="0.005"/>
  <testcase classname="Parameter.Groups" name="find_element" time="0.013"/>
  <testcase classname="Parameter.Groups" name="products" time="0.016"/>
</testsuite> <!-- Parameter.Groups -->
