<?xml version="1.0" encoding="UTF-8"?>
<!-- Generated by org.testng.reporters.JUnitReportReporter -->
<testsuite hostname="shivanipanzade" failures="0" tests="2" name="Parameter.Description" time="0.037" errors="0" timestamp="19 Jun 2024 08:52:21 GMT">
  <testcase classname="Parameter.Description" name="english" time="0.029"/>
  <testcase classname="Parameter.Description" name="science" time="0.008"/>
</testsuite> <!-- Parameter.Description -->
