<?xml version="1.0" encoding="UTF-8"?>
<!-- Generated by org.testng.reporters.JUnitReportReporter -->
<testsuite hostname="shivanipanzade" failures="0" tests="2" name="new_pakage.NewTest" time="0.052" errors="0" timestamp="18 Jun 2024 09:11:36 GMT">
  <testcase classname="new_pakage.NewTest" name="a" time="0.030"/>
  <testcase classname="new_pakage.NewTest" name="j" time="0.022"/>
</testsuite> <!-- new_pakage.NewTest -->
